2021-06-16 23:56:19 INFO  CounterUniqueWords:30 - ru.simbirsoft.task.Backend.impl.CounterUniqueWords got the user data
2021-06-16 23:56:19 INFO  Main:28 - Program has ran
2021-06-16 23:56:19 INFO  DownloadPage:24 - run() of ru.simbirsoft.task.Backend.impl.DownloadPage has ran
2021-06-16 23:56:19 INFO  DownloadPage:32 - Given link: https://ru.wikipedia.org/wiki/%D0%9A%D0%B8%D1%82%D0%B0%D0%B9
2021-06-16 23:56:19 INFO  DownloadPage:34 - Connection established
2021-06-16 23:56:20 INFO  DownloadPage:46 - Downloading page complete
2021-06-16 23:56:20 INFO  DownloadPage:57 - Streams are closed
2021-06-16 23:56:21 INFO  DownloadPage:38 - Jsoup document was formed
2021-06-16 23:56:21 INFO  DownloadPage:40 - The text was captured
2021-06-16 23:56:21 INFO  DownloadPage:42 - Parsing completed
2021-06-16 23:56:21 INFO  CounterUniqueWords:46 - Counting unique words has begun
2021-06-16 23:56:22 INFO  CounterUniqueWords:73 - Print the statistics on screen
2021-06-16 23:56:22 INFO  Main:38 - Result was displayed
2021-06-16 23:56:22 INFO  Main:42 - End of program working
2021-06-17 00:11:00 INFO  CounterUniqueWords:30 - ru.simbirsoft.task.Backend.impl.CounterUniqueWords got the user data
2021-06-17 00:11:00 INFO  Main:28 - Program has ran
2021-06-17 00:11:00 INFO  DownloadPage:24 - run() of ru.simbirsoft.task.Backend.impl.DownloadPage has ran
2021-06-17 00:11:00 INFO  DownloadPage:32 - Given link: https://docviewer.yandex.ru/view/783396552/?*=HrNi%2B%2Ff5IrLQxyWRQAqG59xGo%2Fl7InVybCI6InlhLWRpc2stcHVibGljOi8vWDgrTlp6cmpyc1cxREhpOXc3MWVDQm0yT3BhL1ZmdndPNkNzQnVkTkZuT0hqMHZuSVY4L0dBSHR1VHpyNjBEZ3NrRUFta1E0a1hPZzBUUjhac1hheVE9PSIsInRpdGxlIjoi0JvQtdGC0L3QuNC5INC40L3RgtC10L3RgdC40LIg0LrQvtC80L%2FQsNC90LjQuCBTaW1iaXJTb2Z0LiDQotC10YHRgtC%2B0LLQvtC1INC30LDQtNCw0L3QuNC1IEJhY2tFbmQucGRmIiwibm9pZnJhbWUiOmZhbHNlLCJ1aWQiOiI3ODMzOTY1NTIiLCJ0cyI6MTYyMzg3NzM2Mzk3MCwieXUiOiI5NDY1MzMyMzgxNTYwOTU5MzgyIn0%3D
2021-06-17 00:11:00 INFO  DownloadPage:34 - Connection established
2021-06-17 00:11:01 INFO  DownloadPage:46 - Downloading page complete
2021-06-17 00:11:01 INFO  DownloadPage:57 - Streams are closed
2021-06-17 00:11:01 INFO  DownloadPage:38 - Jsoup document was formed
2021-06-17 00:11:01 INFO  DownloadPage:40 - The text was captured
2021-06-17 00:11:01 INFO  DownloadPage:42 - Parsing completed
2021-06-17 00:11:01 INFO  CounterUniqueWords:46 - Counting unique words has begun
2021-06-17 00:11:01 INFO  CounterUniqueWords:73 - Print the statistics on screen
2021-06-17 00:11:01 INFO  Main:38 - Result was displayed
2021-06-17 00:11:01 INFO  Main:42 - End of program working
2021-06-17 00:12:39 INFO  CounterUniqueWords:30 - ru.simbirsoft.task.Backend.impl.CounterUniqueWords got the user data
2021-06-17 00:12:39 INFO  Main:28 - Program has ran
2021-06-17 00:12:39 INFO  DownloadPage:24 - run() of ru.simbirsoft.task.Backend.impl.DownloadPage has ran
2021-06-17 00:12:39 ERROR DownloadPage:49 - Downloading page error
2021-06-17 00:12:39 INFO  DownloadPage:57 - Streams are closed
2021-06-17 00:12:39 INFO  Main:42 - End of program working
2021-06-17 00:13:02 INFO  CounterUniqueWords:30 - ru.simbirsoft.task.Backend.impl.CounterUniqueWords got the user data
2021-06-17 00:13:02 INFO  Main:28 - Program has ran
2021-06-17 00:13:02 INFO  DownloadPage:24 - run() of ru.simbirsoft.task.Backend.impl.DownloadPage has ran
2021-06-17 00:13:02 INFO  DownloadPage:32 - Given link: https://techcrunch.com
2021-06-17 00:13:03 INFO  DownloadPage:34 - Connection established
2021-06-17 00:13:05 INFO  DownloadPage:46 - Downloading page complete
2021-06-17 00:13:05 INFO  DownloadPage:57 - Streams are closed
2021-06-17 00:13:05 INFO  DownloadPage:38 - Jsoup document was formed
2021-06-17 00:13:05 INFO  DownloadPage:40 - The text was captured
2021-06-17 00:13:05 INFO  DownloadPage:42 - Parsing completed
2021-06-17 00:13:05 INFO  CounterUniqueWords:46 - Counting unique words has begun
2021-06-17 00:13:05 INFO  CounterUniqueWords:73 - Print the statistics on screen
2021-06-17 00:13:05 INFO  Main:38 - Result was displayed
2021-06-17 00:13:05 INFO  Main:42 - End of program working
2021-06-17 00:15:09 INFO  CounterUniqueWords:30 - ru.simbirsoft.task.Backend.impl.CounterUniqueWords got the user data
2021-06-17 00:15:09 INFO  Main:28 - Program has ran
2021-06-17 00:15:09 INFO  DownloadPage:24 - run() of ru.simbirsoft.task.Backend.impl.DownloadPage has ran
2021-06-17 00:15:09 INFO  DownloadPage:32 - Given link: https://www.simbirsoft.com
2021-06-17 00:15:09 INFO  DownloadPage:34 - Connection established
2021-06-17 00:15:10 INFO  DownloadPage:46 - Downloading page complete
2021-06-17 00:15:10 INFO  DownloadPage:57 - Streams are closed
2021-06-17 00:15:10 INFO  DownloadPage:38 - Jsoup document was formed
2021-06-17 00:15:10 INFO  DownloadPage:40 - The text was captured
2021-06-17 00:15:10 INFO  DownloadPage:42 - Parsing completed
2021-06-17 00:15:10 INFO  CounterUniqueWords:46 - Counting unique words has begun
2021-06-17 00:15:10 INFO  CounterUniqueWords:73 - Print the statistics on screen
2021-06-17 00:15:10 INFO  Main:38 - Result was displayed
2021-06-17 00:15:10 INFO  Main:42 - End of program working
